----------------------------------------------------------------
Mon Aug 07 13:58:12 BRT 2023:
Booting Derby version The Apache Software Foundation - Apache Derby - 10.14.2.0 - (1828579): instance a816c00e-0189-d0ef-50e7-00000cf18938 
on database directory memory:C:\Users\guilhermehsl\Documents\projetos tce\sicapweb\5006c578-08e9-4845-8df2-f166c821443f with class loader jdk.internal.loader.ClassLoaders$AppClassLoader@531d72ca 
Loaded from file:/C:/Users/guilhermehsl/.m2/repository/org/apache/derby/derby/10.14.2.0/derby-10.14.2.0.jar
java.vendor=Eclipse Adoptium
java.runtime.version=11.0.15+10
user.dir=c:\Users\guilhermehsl\Documents\projetos tce\sicapweb
os.name=Windows 11
os.arch=amd64
os.version=10.0
derby.system.home=null
Database Class Loader started - derby.database.classpath=''
----------------------------------------------------------------
Mon Aug 07 13:58:16 BRT 2023:
Shutting down instance a816c00e-0189-d0ef-50e7-00000cf18938 on database directory memory:C:\Users\guilhermehsl\Documents\projetos tce\sicapweb\5006c578-08e9-4845-8df2-f166c821443f with class loader jdk.internal.loader.ClassLoaders$AppClassLoader@531d72ca 
----------------------------------------------------------------
Mon Aug 07 13:58:23 BRT 2023:
Booting Derby version The Apache Software Foundation - Apache Derby - 10.14.2.0 - (1828579): instance 65ba04d1-0189-d0ef-50e7-00000cf18938 
on database directory memory:C:\Users\guilhermehsl\Documents\projetos tce\sicapweb\cfd9a8c4-f864-4ab7-807b-6e2d03aaac3c with class loader jdk.internal.loader.ClassLoaders$AppClassLoader@531d72ca 
Loaded from file:/C:/Users/guilhermehsl/.m2/repository/org/apache/derby/derby/10.14.2.0/derby-10.14.2.0.jar
java.vendor=Eclipse Adoptium
java.runtime.version=11.0.15+10
user.dir=c:\Users\guilhermehsl\Documents\projetos tce\sicapweb
os.name=Windows 11
os.arch=amd64
os.version=10.0
derby.system.home=null
Database Class Loader started - derby.database.classpath=''
----------------------------------------------------------------
Mon Aug 07 13:58:23 BRT 2023:
Shutting down instance 65ba04d1-0189-d0ef-50e7-00000cf18938 on database directory memory:C:\Users\guilhermehsl\Documents\projetos tce\sicapweb\cfd9a8c4-f864-4ab7-807b-6e2d03aaac3c with class loader jdk.internal.loader.ClassLoaders$AppClassLoader@531d72ca 
----------------------------------------------------------------
Mon Aug 07 13:58:40 BRT 2023:
Booting Derby version The Apache Software Foundation - Apache Derby - 10.14.2.0 - (1828579): instance f8408575-0189-d0ef-50e7-00000cf18938 
on database directory memory:C:\Users\guilhermehsl\Documents\projetos tce\sicapweb\c0fe0f7a-8b1d-4f03-ab26-e00feedc6d2f with class loader jdk.internal.loader.ClassLoaders$AppClassLoader@531d72ca 
Loaded from file:/C:/Users/guilhermehsl/.m2/repository/org/apache/derby/derby/10.14.2.0/derby-10.14.2.0.jar
java.vendor=Eclipse Adoptium
java.runtime.version=11.0.15+10
user.dir=c:\Users\guilhermehsl\Documents\projetos tce\sicapweb
os.name=Windows 11
os.arch=amd64
os.version=10.0
derby.system.home=null
Database Class Loader started - derby.database.classpath=''
----------------------------------------------------------------
Mon Aug 07 13:58:40 BRT 2023:
Shutting down instance f8408575-0189-d0ef-50e7-00000cf18938 on database directory memory:C:\Users\guilhermehsl\Documents\projetos tce\sicapweb\c0fe0f7a-8b1d-4f03-ab26-e00feedc6d2f with class loader jdk.internal.loader.ClassLoaders$AppClassLoader@531d72ca 
----------------------------------------------------------------
Mon Aug 07 13:58:47 BRT 2023:
Booting Derby version The Apache Software Foundation - Apache Derby - 10.14.2.0 - (1828579): instance a50b0619-0189-d0ef-50e7-00000cf18938 
on database directory memory:C:\Users\guilhermehsl\Documents\projetos tce\sicapweb\c09cb777-6ee7-43c9-87af-973b47c08358 with class loader jdk.internal.loader.ClassLoaders$AppClassLoader@531d72ca 
Loaded from file:/C:/Users/guilhermehsl/.m2/repository/org/apache/derby/derby/10.14.2.0/derby-10.14.2.0.jar
java.vendor=Eclipse Adoptium
java.runtime.version=11.0.15+10
user.dir=c:\Users\guilhermehsl\Documents\projetos tce\sicapweb
os.name=Windows 11
os.arch=amd64
os.version=10.0
derby.system.home=null
Database Class Loader started - derby.database.classpath=''
----------------------------------------------------------------
Mon Aug 07 13:58:48 BRT 2023:
Shutting down instance a50b0619-0189-d0ef-50e7-00000cf18938 on database directory memory:C:\Users\guilhermehsl\Documents\projetos tce\sicapweb\c09cb777-6ee7-43c9-87af-973b47c08358 with class loader jdk.internal.loader.ClassLoaders$AppClassLoader@531d72ca 
----------------------------------------------------------------
Mon Aug 07 13:58:51 BRT 2023:
Booting Derby version The Apache Software Foundation - Apache Derby - 10.14.2.0 - (1828579): instance 6c1986bd-0189-d0ef-50e7-00000cf18938 
on database directory memory:C:\Users\guilhermehsl\Documents\projetos tce\sicapweb\59350d68-286d-4b62-9ac2-d588332635fd with class loader jdk.internal.loader.ClassLoaders$AppClassLoader@531d72ca 
Loaded from file:/C:/Users/guilhermehsl/.m2/repository/org/apache/derby/derby/10.14.2.0/derby-10.14.2.0.jar
java.vendor=Eclipse Adoptium
java.runtime.version=11.0.15+10
user.dir=c:\Users\guilhermehsl\Documents\projetos tce\sicapweb
os.name=Windows 11
os.arch=amd64
os.version=10.0
derby.system.home=null
Database Class Loader started - derby.database.classpath=''
----------------------------------------------------------------
Mon Aug 07 13:58:56 BRT 2023:
Shutting down instance 6c1986bd-0189-d0ef-50e7-00000cf18938 on database directory memory:C:\Users\guilhermehsl\Documents\projetos tce\sicapweb\59350d68-286d-4b62-9ac2-d588332635fd with class loader jdk.internal.loader.ClassLoaders$AppClassLoader@531d72ca 
----------------------------------------------------------------
Mon Aug 07 13:59:00 BRT 2023:
Booting Derby version The Apache Software Foundation - Apache Derby - 10.14.2.0 - (1828579): instance fe900b80-0189-d0ef-50e7-00000cf18938 
on database directory memory:C:\Users\guilhermehsl\Documents\projetos tce\sicapweb\7f2c1fe3-97f9-4829-a65f-838821459fb5 with class loader jdk.internal.loader.ClassLoaders$AppClassLoader@531d72ca 
Loaded from file:/C:/Users/guilhermehsl/.m2/repository/org/apache/derby/derby/10.14.2.0/derby-10.14.2.0.jar
java.vendor=Eclipse Adoptium
java.runtime.version=11.0.15+10
user.dir=c:\Users\guilhermehsl\Documents\projetos tce\sicapweb
os.name=Windows 11
os.arch=amd64
os.version=10.0
derby.system.home=null
Database Class Loader started - derby.database.classpath=''
----------------------------------------------------------------
Mon Aug 07 13:59:03 BRT 2023:
Shutting down instance fe900b80-0189-d0ef-50e7-00000cf18938 on database directory memory:C:\Users\guilhermehsl\Documents\projetos tce\sicapweb\7f2c1fe3-97f9-4829-a65f-838821459fb5 with class loader jdk.internal.loader.ClassLoaders$AppClassLoader@531d72ca 
----------------------------------------------------------------
Mon Aug 07 14:00:07 BRT 2023:
Booting Derby version The Apache Software Foundation - Apache Derby - 10.14.2.0 - (1828579): instance ac28d043-0189-d0ef-50e7-00000cf18938 
on database directory memory:C:\Users\guilhermehsl\Documents\projetos tce\sicapweb\7eb75327-3381-409a-8620-1605aec31ee8 with class loader jdk.internal.loader.ClassLoaders$AppClassLoader@531d72ca 
Loaded from file:/C:/Users/guilhermehsl/.m2/repository/org/apache/derby/derby/10.14.2.0/derby-10.14.2.0.jar
java.vendor=Eclipse Adoptium
java.runtime.version=11.0.15+10
user.dir=c:\Users\guilhermehsl\Documents\projetos tce\sicapweb
os.name=Windows 11
os.arch=amd64
os.version=10.0
derby.system.home=null
Database Class Loader started - derby.database.classpath=''
----------------------------------------------------------------
Mon Aug 07 14:00:08 BRT 2023:
Shutting down instance ac28d043-0189-d0ef-50e7-00000cf18938 on database directory memory:C:\Users\guilhermehsl\Documents\projetos tce\sicapweb\7eb75327-3381-409a-8620-1605aec31ee8 with class loader jdk.internal.loader.ClassLoaders$AppClassLoader@531d72ca 
----------------------------------------------------------------
Mon Aug 07 14:00:16 BRT 2023:
Booting Derby version The Apache Software Foundation - Apache Derby - 10.14.2.0 - (1828579): instance 93f150e7-0189-d0ef-50e7-00000cf18938 
on database directory memory:C:\Users\guilhermehsl\Documents\projetos tce\sicapweb\b0276f03-d907-4fa7-8a7e-e0bdf5bd0756 with class loader jdk.internal.loader.ClassLoaders$AppClassLoader@531d72ca 
Loaded from file:/C:/Users/guilhermehsl/.m2/repository/org/apache/derby/derby/10.14.2.0/derby-10.14.2.0.jar
java.vendor=Eclipse Adoptium
java.runtime.version=11.0.15+10
user.dir=c:\Users\guilhermehsl\Documents\projetos tce\sicapweb
os.name=Windows 11
os.arch=amd64
os.version=10.0
derby.system.home=null
Database Class Loader started - derby.database.classpath=''
----------------------------------------------------------------
Mon Aug 07 14:00:20 BRT 2023:
Shutting down instance 93f150e7-0189-d0ef-50e7-00000cf18938 on database directory memory:C:\Users\guilhermehsl\Documents\projetos tce\sicapweb\b0276f03-d907-4fa7-8a7e-e0bdf5bd0756 with class loader jdk.internal.loader.ClassLoaders$AppClassLoader@531d72ca 
----------------------------------------------------------------
Mon Aug 07 14:01:10 BRT 2023:
Booting Derby version The Apache Software Foundation - Apache Derby - 10.14.2.0 - (1828579): instance efe755aa-0189-d0ef-50e7-00000cf18938 
on database directory memory:C:\Users\guilhermehsl\Documents\projetos tce\sicapweb\fad3c4b5-8ffa-4a28-ac59-da0490e855a0 with class loader jdk.internal.loader.ClassLoaders$AppClassLoader@531d72ca 
Loaded from file:/C:/Users/guilhermehsl/.m2/repository/org/apache/derby/derby/10.14.2.0/derby-10.14.2.0.jar
java.vendor=Eclipse Adoptium
java.runtime.version=11.0.15+10
user.dir=c:\Users\guilhermehsl\Documents\projetos tce\sicapweb
os.name=Windows 11
os.arch=amd64
os.version=10.0
derby.system.home=null
Database Class Loader started - derby.database.classpath=''
----------------------------------------------------------------
Mon Aug 07 14:01:16 BRT 2023:
Shutting down instance efe755aa-0189-d0ef-50e7-00000cf18938 on database directory memory:C:\Users\guilhermehsl\Documents\projetos tce\sicapweb\fad3c4b5-8ffa-4a28-ac59-da0490e855a0 with class loader jdk.internal.loader.ClassLoaders$AppClassLoader@531d72ca 
